<?xml version="1.0" encoding="UTF-8"?>
<!-- Generated by org.testng.reporters.JUnitReportReporter -->
<testsuite skipped="0" hostname="LAPTOP-577EBNEK" name="testcases.TC02" tests="1" failures="0" timestamp="2021-09-28T09:13:04 IST" time="3.031" errors="0">
  <testcase name="ebayMobiles" time="3.031" classname="testcases.TC02"/>
  <system-out/>
</testsuite> <!-- testcases.TC02 -->
