<?xml version="1.0" encoding="UTF-8"?>
<!-- Generated by org.testng.reporters.JUnitReportReporter -->
<testsuite skipped="0" hostname="LAPTOP-577EBNEK" name="testcases.TC01" tests="3" failures="0" timestamp="2021-09-29T08:53:46 IST" time="30.252" errors="0">
  <testcase name="ebaypage" time="9.891" classname="testcases.TC01"/>
  <system-out/>
  <testcase name="ebaypage" time="9.314" classname="testcases.TC01"/>
  <system-out/>
  <testcase name="ebaypage" time="11.047" classname="testcases.TC01"/>
  <system-out/>
</testsuite> <!-- testcases.TC01 -->
